{"level":"error","message":"Uncaught Exception: write EPIPE","service":"movieflix-backend","stack":"Error: write EPIPE\n    at afterWriteDispatched (node:internal/stream_base_commons:159:15)\n    at writeGeneric (node:internal/stream_base_commons:150:3)\n    at Socket._writeGeneric (node:net:971:11)\n    at Socket._write (node:net:983:8)\n    at writeOrBuffer (node:internal/streams/writable:572:12)\n    at _write (node:internal/streams/writable:501:10)\n    at Writable.write (node:internal/streams/writable:510:10)\n    at Console.log (/Users/samyakmeshram008/Desktop/untitled folder/node_modules/winston/lib/winston/transports/console.js:87:23)\n    at Console._write (/Users/samyakmeshram008/Desktop/untitled folder/node_modules/winston-transport/modern.js:103:17)\n    at doWrite (/Users/samyakmeshram008/Desktop/untitled folder/node_modules/readable-stream/lib/_stream_writable.js:390:139)","timestamp":"2025-08-26T12:54:54.757Z"}
{"level":"error","message":"Unhandled Promise Rejection: Connection.prototype.close() no longer accepts a callback","service":"movieflix-backend","stack":"MongooseError: Connection.prototype.close() no longer accepts a callback\n    at NativeConnection.close (/Users/samyakmeshram008/Desktop/untitled folder/node_modules/mongoose/lib/connection.js:1205:11)\n    at Server.<anonymous> (/Users/samyakmeshram008/Desktop/untitled folder/src/index.js:210:36)\n    at Object.onceWrapper (node:events:632:28)\n    at Server.emit (node:events:518:28)\n    at emitCloseNT (node:net:2418:8)\n    at process.processTicksAndRejections (node:internal/process/task_queues:89:21)","timestamp":"2025-08-26T12:58:19.658Z"}
{"level":"error","message":"Error during server shutdown:","service":"movieflix-backend","timestamp":"2025-08-26T12:58:19.689Z"}
{"error":"Bad escaped character in JSON at position 60 (line 3 column 21)","ip":"::1","level":"error","message":"Error occurred:","method":"POST","service":"movieflix-backend","stack":"SyntaxError: Bad escaped character in JSON at position 60 (line 3 column 21)\n    at JSON.parse (<anonymous>)\n    at parse (/Users/samyakmeshram008/Desktop/untitled folder/node_modules/body-parser/lib/types/json.js:89:19)\n    at /Users/samyakmeshram008/Desktop/untitled folder/node_modules/body-parser/lib/read.js:128:18\n    at AsyncResource.runInAsyncScope (node:async_hooks:214:14)\n    at invokeCallback (/Users/samyakmeshram008/Desktop/untitled folder/node_modules/raw-body/index.js:231:16)\n    at done (/Users/samyakmeshram008/Desktop/untitled folder/node_modules/raw-body/index.js:220:7)\n    at IncomingMessage.onEnd (/Users/samyakmeshram008/Desktop/untitled folder/node_modules/raw-body/index.js:280:7)\n    at IncomingMessage.emit (node:events:518:28)\n    at endReadableNT (node:internal/streams/readable:1698:12)\n    at process.processTicksAndRejections (node:internal/process/task_queues:90:21)","timestamp":"2025-08-26T13:05:01.571Z","url":"/api/auth/login","userAgent":"PostmanRuntime/7.45.0"}
{"level":"error","message":"Login error:","service":"movieflix-backend","timestamp":"2025-08-26T13:05:29.708Z"}
{"level":"error","message":"Movie search error:","service":"movieflix-backend","timestamp":"2025-08-26T13:14:48.478Z"}
{"level":"error","message":"Movie search error:","service":"movieflix-backend","timestamp":"2025-08-26T13:15:30.801Z"}
{"level":"error","message":"Movie search error:","service":"movieflix-backend","timestamp":"2025-08-26T13:16:02.353Z"}
{"level":"error","message":"Movie search error:","service":"movieflix-backend","timestamp":"2025-08-26T13:18:08.044Z"}
{"level":"error","message":"Movie search error:","service":"movieflix-backend","timestamp":"2025-08-26T13:18:20.182Z"}
{"level":"error","message":"Unhandled Promise Rejection: Connection.prototype.close() no longer accepts a callback","service":"movieflix-backend","stack":"MongooseError: Connection.prototype.close() no longer accepts a callback\n    at NativeConnection.close (/Users/samyakmeshram008/Desktop/untitled folder/node_modules/mongoose/lib/connection.js:1205:11)\n    at Server.<anonymous> (/Users/samyakmeshram008/Desktop/untitled folder/src/index.js:210:36)\n    at Object.onceWrapper (node:events:632:28)\n    at Server.emit (node:events:518:28)\n    at emitCloseNT (node:net:2418:8)\n    at process.processTicksAndRejections (node:internal/process/task_queues:89:21)","timestamp":"2025-08-26T13:20:32.556Z"}
{"level":"error","message":"Error during server shutdown:","service":"movieflix-backend","timestamp":"2025-08-26T13:20:32.604Z"}
{"level":"error","message":"Movie search error:","service":"movieflix-backend","timestamp":"2025-08-26T13:20:40.190Z"}
{"level":"error","message":"Movie search error:","service":"movieflix-backend","timestamp":"2025-08-26T13:27:45.714Z"}
{"level":"error","message":"Movie search error:","service":"movieflix-backend","timestamp":"2025-08-26T13:28:38.622Z"}
{"level":"error","message":"Unhandled Promise Rejection: Connection.prototype.close() no longer accepts a callback","service":"movieflix-backend","stack":"MongooseError: Connection.prototype.close() no longer accepts a callback\n    at NativeConnection.close (/Users/samyakmeshram008/Desktop/untitled folder/node_modules/mongoose/lib/connection.js:1205:11)\n    at Server.<anonymous> (/Users/samyakmeshram008/Desktop/untitled folder/src/index.js:210:36)\n    at Object.onceWrapper (node:events:632:28)\n    at Server.emit (node:events:518:28)\n    at emitCloseNT (node:net:2418:8)\n    at process.processTicksAndRejections (node:internal/process/task_queues:89:21)","timestamp":"2025-08-26T13:32:54.488Z"}
{"level":"error","message":"Error during server shutdown:","service":"movieflix-backend","timestamp":"2025-08-26T13:32:54.508Z"}
{"level":"error","message":"Movie search error:","service":"movieflix-backend","timestamp":"2025-08-26T13:33:08.071Z"}
{"level":"error","message":"Unhandled Promise Rejection: Connection.prototype.close() no longer accepts a callback","service":"movieflix-backend","stack":"MongooseError: Connection.prototype.close() no longer accepts a callback\n    at NativeConnection.close (/Users/samyakmeshram008/Desktop/untitled folder/node_modules/mongoose/lib/connection.js:1205:11)\n    at Server.<anonymous> (/Users/samyakmeshram008/Desktop/untitled folder/src/index.js:210:36)\n    at Object.onceWrapper (node:events:632:28)\n    at Server.emit (node:events:518:28)\n    at emitCloseNT (node:net:2418:8)\n    at process.processTicksAndRejections (node:internal/process/task_queues:89:21)","timestamp":"2025-08-26T13:34:40.347Z"}
{"level":"error","message":"Error during server shutdown:","service":"movieflix-backend","timestamp":"2025-08-26T13:34:40.388Z"}
{"level":"error","message":"Movie search error:","service":"movieflix-backend","timestamp":"2025-08-26T13:34:51.424Z"}
{"level":"error","message":"Movie search error:","service":"movieflix-backend","timestamp":"2025-08-26T14:30:07.068Z"}
{"level":"error","message":"Movie search error:","service":"movieflix-backend","timestamp":"2025-08-26T14:31:09.668Z"}
{"level":"error","message":"Movie search error: Cannot read properties of undefined (reading 'fetchAndSaveMovieDetails')","service":"movieflix-backend","stack":"TypeError: Cannot read properties of undefined (reading 'fetchAndSaveMovieDetails')\n    at searchMovies (/Users/samyakmeshram008/Desktop/untitled folder/src/controllers/movieController.js:69:39)\n    at process.processTicksAndRejections (node:internal/process/task_queues:105:5)","timestamp":"2025-08-26T14:31:57.839Z"}
{"level":"error","message":"Movie search error:","service":"movieflix-backend","timestamp":"2025-08-26T14:32:42.119Z"}
{"level":"error","message":"Movie search error:","service":"movieflix-backend","timestamp":"2025-08-26T14:33:03.468Z"}
{"level":"error","message":"Unhandled Promise Rejection: Connection.prototype.close() no longer accepts a callback","service":"movieflix-backend","stack":"MongooseError: Connection.prototype.close() no longer accepts a callback\n    at NativeConnection.close (/Users/samyakmeshram008/Desktop/untitled folder/node_modules/mongoose/lib/connection.js:1205:11)\n    at Server.<anonymous> (/Users/samyakmeshram008/Desktop/untitled folder/src/index.js:210:36)\n    at Object.onceWrapper (node:events:632:28)\n    at Server.emit (node:events:518:28)\n    at emitCloseNT (node:net:2418:8)\n    at process.processTicksAndRejections (node:internal/process/task_queues:89:21)","timestamp":"2025-08-26T14:33:06.119Z"}
{"level":"error","message":"Error during server shutdown:","service":"movieflix-backend","timestamp":"2025-08-26T14:33:06.152Z"}
{"level":"error","message":"Movie search error:","service":"movieflix-backend","timestamp":"2025-08-26T14:33:18.682Z"}
{"level":"error","message":"Movie search error: movieController is not defined","service":"movieflix-backend","stack":"ReferenceError: movieController is not defined\n    at searchMovies (/Users/samyakmeshram008/Desktop/untitled folder/src/controllers/movieController.js:69:22)\n    at process.processTicksAndRejections (node:internal/process/task_queues:105:5)","timestamp":"2025-08-26T14:33:56.870Z"}
{"level":"error","message":"Failed to fetch details for movie tt1375666:","service":"movieflix-backend","timestamp":"2025-08-26T14:34:24.240Z"}
{"level":"error","message":"Failed to fetch details for movie tt29258696:","service":"movieflix-backend","timestamp":"2025-08-26T14:34:24.241Z"}
{"level":"error","message":"Failed to fetch details for movie tt7321322:","service":"movieflix-backend","timestamp":"2025-08-26T14:34:24.472Z"}
{"level":"error","message":"Failed to fetch details for movie tt6793710:","service":"movieflix-backend","timestamp":"2025-08-26T14:34:24.477Z"}
{"level":"error","message":"Failed to fetch details for movie tt29258696:","service":"movieflix-backend","timestamp":"2025-08-26T14:37:41.826Z"}
{"level":"error","message":"Failed to fetch details for movie tt7321322:","service":"movieflix-backend","timestamp":"2025-08-26T14:37:41.920Z"}
{"level":"error","message":"Failed to fetch details for movie tt6793710:","service":"movieflix-backend","timestamp":"2025-08-26T14:37:41.965Z"}
{"level":"error","message":"Failed to fetch details for movie tt1375666:","service":"movieflix-backend","timestamp":"2025-08-26T14:37:41.966Z"}
{"level":"error","message":"Failed to fetch details for movie tt14809460:","service":"movieflix-backend","timestamp":"2025-08-26T14:38:33.626Z"}
{"level":"error","message":"Failed to fetch details for movie tt5888840:","service":"movieflix-backend","timestamp":"2025-08-26T14:38:33.628Z"}
{"level":"error","message":"Error searching movies:","service":"movieflix-backend","timestamp":"2025-08-26T14:38:44.814Z"}
{"level":"error","message":"Movie search error: Failed to search movies from external API","service":"movieflix-backend","stack":"Error: Failed to search movies from external API\n    at MovieApiService.searchMovies (/Users/samyakmeshram008/Desktop/untitled folder/src/services/movieApiService.js:71:13)\n    at process.processTicksAndRejections (node:internal/process/task_queues:105:5)\n    at async searchMovies (/Users/samyakmeshram008/Desktop/untitled folder/src/controllers/movieController.js:66:25)","timestamp":"2025-08-26T14:38:44.814Z"}
{"level":"error","message":"Failed to fetch details for movie tt34339725:","service":"movieflix-backend","timestamp":"2025-08-26T14:38:56.811Z"}
{"level":"error","message":"Failed to fetch details for movie tt32758039:","service":"movieflix-backend","timestamp":"2025-08-26T14:38:56.819Z"}
{"level":"error","message":"Failed to fetch details for movie tt33852493:","service":"movieflix-backend","timestamp":"2025-08-26T14:38:56.819Z"}
{"level":"error","message":"Failed to fetch details for movie tt1409024:","service":"movieflix-backend","timestamp":"2025-08-26T14:40:23.394Z"}
{"level":"error","message":"Failed to fetch details for movie tt0119654:","service":"movieflix-backend","timestamp":"2025-08-26T14:40:23.400Z"}
{"level":"error","message":"Failed to fetch details for movie tt0860387:","service":"movieflix-backend","timestamp":"2025-08-26T14:40:23.457Z"}
{"level":"error","message":"Failed to fetch details for movie tt2283336:","service":"movieflix-backend","timestamp":"2025-08-26T14:40:23.801Z"}
{"level":"error","message":"Failed to fetch details for movie tt0380291:","service":"movieflix-backend","timestamp":"2025-08-26T14:40:23.877Z"}
{"level":"error","message":"Failed to fetch details for movie tt1409024:","service":"movieflix-backend","timestamp":"2025-08-26T14:42:19.254Z"}
{"level":"error","message":"Failed to fetch details for movie tt0119654:","service":"movieflix-backend","timestamp":"2025-08-26T14:42:19.420Z"}
{"level":"error","message":"Failed to fetch details for movie tt2283336:","service":"movieflix-backend","timestamp":"2025-08-26T14:42:19.570Z"}
{"level":"error","message":"Failed to fetch details for movie tt0860387:","service":"movieflix-backend","timestamp":"2025-08-26T14:42:19.576Z"}
{"level":"error","message":"Failed to fetch details for movie tt0380291:","service":"movieflix-backend","timestamp":"2025-08-26T14:42:19.584Z"}
{"level":"error","message":"Unhandled Promise Rejection: Connection.prototype.close() no longer accepts a callback","service":"movieflix-backend","stack":"MongooseError: Connection.prototype.close() no longer accepts a callback\n    at NativeConnection.close (/Users/samyakmeshram008/Desktop/untitled folder/node_modules/mongoose/lib/connection.js:1205:11)\n    at Server.<anonymous> (/Users/samyakmeshram008/Desktop/untitled folder/src/index.js:210:36)\n    at Object.onceWrapper (node:events:632:28)\n    at Server.emit (node:events:518:28)\n    at emitCloseNT (node:net:2418:8)\n    at process.processTicksAndRejections (node:internal/process/task_queues:89:21)","timestamp":"2025-08-26T14:43:41.416Z"}
{"level":"error","message":"Error during server shutdown:","service":"movieflix-backend","timestamp":"2025-08-26T14:43:41.447Z"}
{"code":17262,"errorLabelSet":{},"errorResponse":{"code":17262,"errmsg":"language override unsupported: Cantonese","index":0},"index":0,"level":"error","message":"Failed to fetch details for movie tt0380291: language override unsupported: Cantonese","service":"movieflix-backend","stack":"MongoServerError: language override unsupported: Cantonese\n    at InsertOneOperation.execute (/Users/samyakmeshram008/Desktop/untitled folder/node_modules/mongodb/lib/operations/insert.js:51:19)\n    at process.processTicksAndRejections (node:internal/process/task_queues:105:5)\n    at async tryOperation (/Users/samyakmeshram008/Desktop/untitled folder/node_modules/mongodb/lib/operations/execute_operation.js:207:20)\n    at async executeOperation (/Users/samyakmeshram008/Desktop/untitled folder/node_modules/mongodb/lib/operations/execute_operation.js:75:16)\n    at async Collection.insertOne (/Users/samyakmeshram008/Desktop/untitled folder/node_modules/mongodb/lib/collection.js:157:16)","timestamp":"2025-08-26T14:44:19.590Z"}
{"code":17262,"errorLabelSet":{},"errorResponse":{"code":17262,"errmsg":"language override unsupported: English, Ukrainian","index":0},"index":0,"level":"error","message":"Failed to fetch details for movie tt1409024: language override unsupported: English, Ukrainian","service":"movieflix-backend","stack":"MongoServerError: language override unsupported: English, Ukrainian\n    at InsertOneOperation.execute (/Users/samyakmeshram008/Desktop/untitled folder/node_modules/mongodb/lib/operations/insert.js:51:19)\n    at process.processTicksAndRejections (node:internal/process/task_queues:105:5)\n    at async tryOperation (/Users/samyakmeshram008/Desktop/untitled folder/node_modules/mongodb/lib/operations/execute_operation.js:207:20)\n    at async executeOperation (/Users/samyakmeshram008/Desktop/untitled folder/node_modules/mongodb/lib/operations/execute_operation.js:75:16)\n    at async Collection.insertOne (/Users/samyakmeshram008/Desktop/untitled folder/node_modules/mongodb/lib/collection.js:157:16)","timestamp":"2025-08-26T14:44:19.887Z"}
{"code":17262,"errorLabelSet":{},"errorResponse":{"code":17262,"errmsg":"language override unsupported: Cantonese","index":0},"index":0,"level":"error","message":"Failed to fetch details for movie tt0860387: language override unsupported: Cantonese","service":"movieflix-backend","stack":"MongoServerError: language override unsupported: Cantonese\n    at InsertOneOperation.execute (/Users/samyakmeshram008/Desktop/untitled folder/node_modules/mongodb/lib/operations/insert.js:51:19)\n    at process.processTicksAndRejections (node:internal/process/task_queues:105:5)\n    at async tryOperation (/Users/samyakmeshram008/Desktop/untitled folder/node_modules/mongodb/lib/operations/execute_operation.js:207:20)\n    at async executeOperation (/Users/samyakmeshram008/Desktop/untitled folder/node_modules/mongodb/lib/operations/execute_operation.js:75:16)\n    at async Collection.insertOne (/Users/samyakmeshram008/Desktop/untitled folder/node_modules/mongodb/lib/collection.js:157:16)","timestamp":"2025-08-26T14:44:19.959Z"}
{"code":17262,"errorLabelSet":{},"errorResponse":{"code":17262,"errmsg":"language override unsupported: English, Spanish","index":0},"index":0,"level":"error","message":"Failed to fetch details for movie tt0119654: language override unsupported: English, Spanish","service":"movieflix-backend","stack":"MongoServerError: language override unsupported: English, Spanish\n    at InsertOneOperation.execute (/Users/samyakmeshram008/Desktop/untitled folder/node_modules/mongodb/lib/operations/insert.js:51:19)\n    at process.processTicksAndRejections (node:internal/process/task_queues:105:5)\n    at async tryOperation (/Users/samyakmeshram008/Desktop/untitled folder/node_modules/mongodb/lib/operations/execute_operation.js:207:20)\n    at async executeOperation (/Users/samyakmeshram008/Desktop/untitled folder/node_modules/mongodb/lib/operations/execute_operation.js:75:16)\n    at async Collection.insertOne (/Users/samyakmeshram008/Desktop/untitled folder/node_modules/mongodb/lib/collection.js:157:16)","timestamp":"2025-08-26T14:44:19.973Z"}
{"code":17262,"errorLabelSet":{},"errorResponse":{"code":17262,"errmsg":"language override unsupported: English, French, Chinese","index":0},"index":0,"level":"error","message":"Failed to fetch details for movie tt2283336: language override unsupported: English, French, Chinese","service":"movieflix-backend","stack":"MongoServerError: language override unsupported: English, French, Chinese\n    at InsertOneOperation.execute (/Users/samyakmeshram008/Desktop/untitled folder/node_modules/mongodb/lib/operations/insert.js:51:19)\n    at process.processTicksAndRejections (node:internal/process/task_queues:105:5)\n    at async tryOperation (/Users/samyakmeshram008/Desktop/untitled folder/node_modules/mongodb/lib/operations/execute_operation.js:207:20)\n    at async executeOperation (/Users/samyakmeshram008/Desktop/untitled folder/node_modules/mongodb/lib/operations/execute_operation.js:75:16)\n    at async Collection.insertOne (/Users/samyakmeshram008/Desktop/untitled folder/node_modules/mongodb/lib/collection.js:157:16)","timestamp":"2025-08-26T14:44:20.029Z"}
{"level":"error","message":"Failed to fetch details for movie tt1409024:","service":"movieflix-backend","timestamp":"2025-08-26T14:46:48.839Z"}
{"level":"error","message":"Failed to fetch details for movie tt0860387:","service":"movieflix-backend","timestamp":"2025-08-26T14:46:48.851Z"}
{"level":"error","message":"Failed to fetch details for movie tt0119654:","service":"movieflix-backend","timestamp":"2025-08-26T14:46:48.868Z"}
{"level":"error","message":"Failed to fetch details for movie tt0380291:","service":"movieflix-backend","timestamp":"2025-08-26T14:46:48.869Z"}
{"level":"error","message":"Failed to fetch details for movie tt2283336:","service":"movieflix-backend","timestamp":"2025-08-26T14:46:49.131Z"}
{"level":"error","message":"Failed to fetch details for movie tt1409024:","service":"movieflix-backend","timestamp":"2025-08-26T14:47:58.459Z"}
{"level":"error","message":"Failed to fetch details for movie tt0380291:","service":"movieflix-backend","timestamp":"2025-08-26T14:47:58.560Z"}
{"level":"error","message":"Failed to fetch details for movie tt0119654:","service":"movieflix-backend","timestamp":"2025-08-26T14:47:58.834Z"}
{"level":"error","message":"Failed to fetch details for movie tt2283336:","service":"movieflix-backend","timestamp":"2025-08-26T14:47:58.978Z"}
{"level":"error","message":"Failed to fetch details for movie tt0860387:","service":"movieflix-backend","timestamp":"2025-08-26T14:47:59.056Z"}
{"level":"error","message":"Cache cleanup error:","service":"movieflix-backend","timestamp":"2025-08-26T15:30:30.092Z"}
{"level":"error","message":"Unhandled Promise Rejection: Connection.prototype.close() no longer accepts a callback","service":"movieflix-backend","stack":"MongooseError: Connection.prototype.close() no longer accepts a callback\n    at NativeConnection.close (/Users/samyakmeshram008/Desktop/untitled folder/node_modules/mongoose/lib/connection.js:1205:11)\n    at Server.<anonymous> (/Users/samyakmeshram008/Desktop/untitled folder/src/index.js:210:36)\n    at Object.onceWrapper (node:events:632:28)\n    at Server.emit (node:events:518:28)\n    at emitCloseNT (node:net:2418:8)\n    at process.processTicksAndRejections (node:internal/process/task_queues:89:21)","timestamp":"2025-08-26T15:32:59.850Z"}
{"level":"error","message":"Error during server shutdown:","service":"movieflix-backend","timestamp":"2025-08-26T15:32:59.880Z"}
{"level":"error","message":"Database connection failed:","service":"movieflix-backend","timestamp":"2025-08-27T08:53:45.417Z"}
{"error":"Not allowed by CORS","ip":"::1","level":"error","message":"Error occurred:","method":"OPTIONS","service":"movieflix-backend","stack":"Error: Not allowed by CORS\n    at origin (/Users/samyakmeshram008/Desktop/untitled folder/src/index.js:63:21)\n    at /Users/samyakmeshram008/Desktop/untitled folder/node_modules/cors/lib/index.js:219:13\n    at optionsCallback (/Users/samyakmeshram008/Desktop/untitled folder/node_modules/cors/lib/index.js:199:9)\n    at corsMiddleware (/Users/samyakmeshram008/Desktop/untitled folder/node_modules/cors/lib/index.js:204:7)\n    at Layer.handle [as handle_request] (/Users/samyakmeshram008/Desktop/untitled folder/node_modules/express/lib/router/layer.js:95:5)\n    at trim_prefix (/Users/samyakmeshram008/Desktop/untitled folder/node_modules/express/lib/router/index.js:328:13)\n    at /Users/samyakmeshram008/Desktop/untitled folder/node_modules/express/lib/router/index.js:286:9\n    at Function.process_params (/Users/samyakmeshram008/Desktop/untitled folder/node_modules/express/lib/router/index.js:346:12)\n    at next (/Users/samyakmeshram008/Desktop/untitled folder/node_modules/express/lib/router/index.js:280:10)\n    at internalNext (/Users/samyakmeshram008/Desktop/untitled folder/node_modules/helmet/index.cjs:531:6)","timestamp":"2025-08-27T09:16:43.754Z","url":"/api/auth/login","userAgent":"Mozilla/5.0 (Macintosh; Intel Mac OS X 10_15_7) AppleWebKit/537.36 (KHTML, like Gecko) Chrome/139.0.0.0 Safari/537.36"}
{"level":"error","message":"Login error:","service":"movieflix-backend","timestamp":"2025-08-27T09:18:48.558Z"}
{"level":"error","message":"Login error:","service":"movieflix-backend","timestamp":"2025-08-27T09:20:51.280Z"}
{"level":"error","message":"Login error:","service":"movieflix-backend","timestamp":"2025-08-27T09:20:58.144Z"}
{"level":"error","message":"Login error:","service":"movieflix-backend","timestamp":"2025-08-27T09:23:28.537Z"}
{"level":"error","message":"Login error:","service":"movieflix-backend","timestamp":"2025-08-27T09:23:32.593Z"}
{"level":"error","message":"Unhandled Promise Rejection: Connection.prototype.close() no longer accepts a callback","service":"movieflix-backend","stack":"MongooseError: Connection.prototype.close() no longer accepts a callback\n    at NativeConnection.close (/Users/samyakmeshram008/Desktop/untitled folder/node_modules/mongoose/lib/connection.js:1205:11)\n    at Server.<anonymous> (/Users/samyakmeshram008/Desktop/untitled folder/src/index.js:227:36)\n    at Object.onceWrapper (node:events:632:28)\n    at Server.emit (node:events:518:28)\n    at emitCloseNT (node:net:2418:8)\n    at process.processTicksAndRejections (node:internal/process/task_queues:89:21)","timestamp":"2025-08-27T09:27:51.420Z"}
{"level":"error","message":"Error during server shutdown:","service":"movieflix-backend","timestamp":"2025-08-27T09:27:51.451Z"}
{"level":"error","message":"Login error:","service":"movieflix-backend","timestamp":"2025-08-27T09:29:00.466Z"}
{"level":"error","message":"Login error:","service":"movieflix-backend","timestamp":"2025-08-27T09:30:56.903Z"}
{"level":"error","message":"Login error:","service":"movieflix-backend","timestamp":"2025-08-27T09:57:36.169Z"}
{"level":"error","message":"Login error:","service":"movieflix-backend","timestamp":"2025-08-27T09:57:44.350Z"}
{"level":"error","message":"Login error:","service":"movieflix-backend","timestamp":"2025-08-27T09:58:04.890Z"}
{"level":"error","message":"TMDB API Response Error: read ECONNRESET","service":"movieflix-backend","timestamp":"2025-08-27T10:06:12.984Z"}
{"level":"error","message":"Error searching movies: read ECONNRESET","service":"movieflix-backend","timestamp":"2025-08-27T10:06:12.987Z"}
{"level":"error","message":"Movie search error: Failed to search movies from external API: read ECONNRESET","service":"movieflix-backend","stack":"Error: Failed to search movies from external API: read ECONNRESET\n    at MovieApiService.searchMovies (/Users/samyakmeshram008/Desktop/untitled folder/src/services/movieApiService.js:92:13)\n    at process.processTicksAndRejections (node:internal/process/task_queues:105:5)\n    at async searchMovies (/Users/samyakmeshram008/Desktop/untitled folder/src/controllers/movieController.js:66:25)","timestamp":"2025-08-27T10:06:12.987Z"}
{"level":"error","message":"TMDB API Response Error: read ECONNRESET","service":"movieflix-backend","timestamp":"2025-08-27T10:08:05.795Z"}
{"level":"error","message":"Error searching movies: read ECONNRESET","service":"movieflix-backend","timestamp":"2025-08-27T10:08:05.797Z"}
{"level":"error","message":"Movie search error: Failed to search movies from external API: read ECONNRESET","service":"movieflix-backend","stack":"Error: Failed to search movies from external API: read ECONNRESET\n    at MovieApiService.searchMovies (/Users/samyakmeshram008/Desktop/untitled folder/src/services/movieApiService.js:93:13)\n    at process.processTicksAndRejections (node:internal/process/task_queues:105:5)\n    at async searchMovies (/Users/samyakmeshram008/Desktop/untitled folder/src/controllers/movieController.js:66:25)","timestamp":"2025-08-27T10:08:05.797Z"}
{"level":"error","message":"TMDB API Response Error: read ECONNRESET","service":"movieflix-backend","timestamp":"2025-08-27T10:19:35.380Z"}
{"level":"error","message":"Error fetching trending movies: read ECONNRESET","service":"movieflix-backend","timestamp":"2025-08-27T10:19:35.381Z"}
{"level":"error","message":"Get trending movies error:","service":"movieflix-backend","timestamp":"2025-08-27T10:19:35.382Z"}
{"level":"error","message":"TMDB API Response Error: read ECONNRESET","service":"movieflix-backend","timestamp":"2025-08-27T10:23:24.507Z"}
{"level":"error","message":"TMDB API Response Error: read ECONNRESET","service":"movieflix-backend","timestamp":"2025-08-27T10:23:24.882Z"}
{"level":"error","message":"TMDB API Response Error: read ECONNRESET","service":"movieflix-backend","timestamp":"2025-08-27T10:23:25.665Z"}
{"level":"error","message":"Error fetching trending movies: read ECONNRESET","service":"movieflix-backend","timestamp":"2025-08-27T10:23:25.666Z"}
{"level":"error","message":"Get trending movies error:","service":"movieflix-backend","timestamp":"2025-08-27T10:23:25.666Z"}
{"data":{"status_code":34,"status_message":"The resource you requested could not be found.","success":false},"level":"error","message":"TMDB API Response Error: Request failed with status code 404","service":"movieflix-backend","status":404,"timestamp":"2025-08-27T10:24:19.362Z"}
{"data":{"status_code":34,"status_message":"The resource you requested could not be found.","success":false},"level":"error","message":"Error fetching movie details: Request failed with status code 404","service":"movieflix-backend","status":404,"timestamp":"2025-08-27T10:24:19.363Z"}
{"level":"error","message":"Get movie by ID error:","service":"movieflix-backend","timestamp":"2025-08-27T10:24:19.364Z"}
{"level":"error","message":"TMDB API Response Error: read ECONNRESET","service":"movieflix-backend","timestamp":"2025-08-27T10:27:30.070Z"}
{"level":"error","message":"Error fetching trending movies: read ECONNRESET","service":"movieflix-backend","timestamp":"2025-08-27T10:27:30.071Z"}
{"level":"error","message":"Get trending movies error:","service":"movieflix-backend","timestamp":"2025-08-27T10:27:30.071Z"}
{"level":"error","message":"TMDB API Response Error: read ECONNRESET","service":"movieflix-backend","timestamp":"2025-08-27T10:35:01.155Z"}
{"level":"error","message":"TMDB API Response Error: read ECONNRESET","service":"movieflix-backend","timestamp":"2025-08-27T10:35:01.518Z"}
{"level":"error","message":"Movie search error:","service":"movieflix-backend","timestamp":"2025-08-27T11:24:02.162Z"}
{"level":"error","message":"TMDb API Response Error: read ECONNRESET","service":"movieflix-backend","timestamp":"2025-08-27T11:54:15.418Z"}
{"level":"error","message":"Error fetching trending movies from TMDb: read ECONNRESET","service":"movieflix-backend","timestamp":"2025-08-27T11:54:15.420Z"}
{"level":"error","message":"Get trending movies error:","service":"movieflix-backend","timestamp":"2025-08-27T11:54:15.421Z"}
{"level":"error","message":"TMDb API Response Error: read ECONNRESET","service":"movieflix-backend","timestamp":"2025-08-27T11:54:26.710Z"}
{"level":"error","message":"Error fetching trending movies from TMDb: read ECONNRESET","service":"movieflix-backend","timestamp":"2025-08-27T11:54:26.711Z"}
{"level":"error","message":"Get trending movies error:","service":"movieflix-backend","timestamp":"2025-08-27T11:54:26.711Z"}
{"level":"error","message":"TMDb API Response Error: read ECONNRESET","service":"movieflix-backend","timestamp":"2025-08-27T11:54:35.148Z"}
{"level":"error","message":"Error searching movies: read ECONNRESET","service":"movieflix-backend","timestamp":"2025-08-27T11:54:35.153Z"}
{"level":"error","message":"Movie search error: Failed to search movies from TMDb: read ECONNRESET","service":"movieflix-backend","stack":"Error: Failed to search movies from TMDb: read ECONNRESET\n    at MovieApiService.searchMovies (/Users/samyakmeshram008/Desktop/untitled folder/src/services/movieApiService.js:92:13)\n    at process.processTicksAndRejections (node:internal/process/task_queues:105:5)\n    at async searchMovies (/Users/samyakmeshram008/Desktop/untitled folder/src/controllers/movieController.js:101:25)","timestamp":"2025-08-27T11:54:35.153Z"}
{"level":"error","message":"Get movie by ID error:","service":"movieflix-backend","timestamp":"2025-08-27T12:14:45.484Z"}
{"level":"error","message":"Get movie by ID error:","service":"movieflix-backend","timestamp":"2025-08-27T12:15:00.888Z"}
{"level":"error","message":"Get movie by ID error:","service":"movieflix-backend","timestamp":"2025-08-27T12:17:14.656Z"}
{"level":"error","message":"Get movie by ID error:","service":"movieflix-backend","timestamp":"2025-08-27T12:21:26.717Z"}
{"level":"error","message":"Save fetched movie failed:","service":"movieflix-backend","timestamp":"2025-08-27T12:36:54.735Z"}
{"level":"error","message":"Save fetched movie failed:","service":"movieflix-backend","timestamp":"2025-08-27T13:08:03.557Z"}
{"level":"error","message":"Save fetched movie failed:","service":"movieflix-backend","timestamp":"2025-08-27T13:18:49.987Z"}
{"level":"error","message":"Save fetched movie failed:","service":"movieflix-backend","timestamp":"2025-08-27T13:19:05.053Z"}
{"level":"error","message":"OMDb API Response Error: timeout of 15000ms exceeded","service":"movieflix-backend","timestamp":"2025-08-27T13:27:00.730Z"}
{"level":"error","message":"Error fetching movie details: timeout of 15000ms exceeded","service":"movieflix-backend","timestamp":"2025-08-27T13:27:00.737Z"}
{"level":"error","message":"OMDb API Response Error: timeout of 15000ms exceeded","service":"movieflix-backend","timestamp":"2025-08-27T13:27:00.738Z"}
{"level":"error","message":"Error fetching movie details: timeout of 15000ms exceeded","service":"movieflix-backend","timestamp":"2025-08-27T13:27:00.738Z"}
{"level":"error","message":"OMDb API Response Error: timeout of 15000ms exceeded","service":"movieflix-backend","timestamp":"2025-08-27T13:27:00.738Z"}
{"level":"error","message":"Error fetching movie details: timeout of 15000ms exceeded","service":"movieflix-backend","timestamp":"2025-08-27T13:27:00.739Z"}
{"level":"error","message":"OMDb API Response Error: timeout of 15000ms exceeded","service":"movieflix-backend","timestamp":"2025-08-27T13:27:00.739Z"}
{"level":"error","message":"Error fetching movie details: timeout of 15000ms exceeded","service":"movieflix-backend","timestamp":"2025-08-27T13:27:00.739Z"}
{"level":"error","message":"OMDb API Response Error: timeout of 15000ms exceeded","service":"movieflix-backend","timestamp":"2025-08-27T13:27:00.740Z"}
{"level":"error","message":"Error fetching movie details: timeout of 15000ms exceeded","service":"movieflix-backend","timestamp":"2025-08-27T13:27:00.740Z"}
{"level":"error","message":"OMDb API Response Error: timeout of 15000ms exceeded","service":"movieflix-backend","timestamp":"2025-08-27T13:27:00.740Z"}
{"level":"error","message":"Error fetching movie details: timeout of 15000ms exceeded","service":"movieflix-backend","timestamp":"2025-08-27T13:27:00.740Z"}
{"level":"error","message":"OMDb API Response Error: timeout of 15000ms exceeded","service":"movieflix-backend","timestamp":"2025-08-27T13:27:00.740Z"}
{"level":"error","message":"Error fetching movie details: timeout of 15000ms exceeded","service":"movieflix-backend","timestamp":"2025-08-27T13:27:00.740Z"}
{"level":"error","message":"OMDb API Response Error: timeout of 15000ms exceeded","service":"movieflix-backend","timestamp":"2025-08-27T13:27:00.740Z"}
{"level":"error","message":"Error fetching movie details: timeout of 15000ms exceeded","service":"movieflix-backend","timestamp":"2025-08-27T13:27:00.740Z"}
{"level":"error","message":"OMDb API Response Error: timeout of 15000ms exceeded","service":"movieflix-backend","timestamp":"2025-08-27T13:27:00.741Z"}
{"level":"error","message":"Error fetching movie details: timeout of 15000ms exceeded","service":"movieflix-backend","timestamp":"2025-08-27T13:27:00.741Z"}
{"level":"error","message":"OMDb API Response Error: timeout of 15000ms exceeded","service":"movieflix-backend","timestamp":"2025-08-27T13:27:00.741Z"}
{"level":"error","message":"Error fetching movie details: timeout of 15000ms exceeded","service":"movieflix-backend","timestamp":"2025-08-27T13:27:00.741Z"}
{"level":"error","message":"OMDb API Response Error: timeout of 15000ms exceeded","service":"movieflix-backend","timestamp":"2025-08-27T13:27:00.743Z"}
{"level":"error","message":"Error fetching movie details: timeout of 15000ms exceeded","service":"movieflix-backend","timestamp":"2025-08-27T13:27:00.744Z"}
{"level":"error","message":"OMDb API Response Error: timeout of 15000ms exceeded","service":"movieflix-backend","timestamp":"2025-08-27T13:27:00.744Z"}
{"level":"error","message":"Error fetching movie details: timeout of 15000ms exceeded","service":"movieflix-backend","timestamp":"2025-08-27T13:27:00.747Z"}
{"level":"error","message":"OMDb API Response Error: timeout of 15000ms exceeded","service":"movieflix-backend","timestamp":"2025-08-27T13:27:00.748Z"}
{"level":"error","message":"Error fetching movie details: timeout of 15000ms exceeded","service":"movieflix-backend","timestamp":"2025-08-27T13:27:00.748Z"}
{"level":"error","message":"Save fetched movie failed:","service":"movieflix-backend","timestamp":"2025-08-27T13:28:20.698Z"}
{"level":"error","message":"Login error:","service":"movieflix-backend","timestamp":"2025-08-27T15:01:32.740Z"}
{"level":"error","message":"Save fetched movie failed:","service":"movieflix-backend","timestamp":"2025-08-27T15:19:23.425Z"}
{"level":"error","message":"Save fetched movie failed:","service":"movieflix-backend","timestamp":"2025-08-27T15:28:30.983Z"}
{"level":"error","message":"Save fetched movie failed:","service":"movieflix-backend","timestamp":"2025-08-27T15:32:42.533Z"}
{"level":"error","message":"Save fetched movie failed:","service":"movieflix-backend","timestamp":"2025-08-27T15:34:30.918Z"}
{"level":"error","message":"Save fetched movie failed:","service":"movieflix-backend","timestamp":"2025-08-27T15:34:45.882Z"}
{"level":"error","message":"Save fetched movie failed:","service":"movieflix-backend","timestamp":"2025-08-27T15:35:03.970Z"}
{"level":"error","message":"Save fetched movie failed:","service":"movieflix-backend","timestamp":"2025-08-27T15:38:12.188Z"}
{"level":"error","message":"Save fetched movie failed:","service":"movieflix-backend","timestamp":"2025-08-27T15:45:37.641Z"}
{"level":"error","message":"Save fetched movie failed:","service":"movieflix-backend","timestamp":"2025-08-27T15:45:48.806Z"}
{"data":{"Error":"Request limit reached!","Response":"False"},"level":"error","message":"OMDb API Response Error: Request failed with status code 401","service":"movieflix-backend","status":401,"timestamp":"2025-08-27T16:15:42.037Z"}
{"data":{"Error":"Request limit reached!","Response":"False"},"level":"error","message":"Error fetching movie details: Request failed with status code 401","service":"movieflix-backend","status":401,"timestamp":"2025-08-27T16:15:42.040Z"}
{"data":{"Error":"Request limit reached!","Response":"False"},"level":"error","message":"OMDb API Response Error: Request failed with status code 401","service":"movieflix-backend","status":401,"timestamp":"2025-08-27T16:15:42.042Z"}
{"data":{"Error":"Request limit reached!","Response":"False"},"level":"error","message":"Error fetching movie details: Request failed with status code 401","service":"movieflix-backend","status":401,"timestamp":"2025-08-27T16:15:42.043Z"}
{"data":{"Error":"Request limit reached!","Response":"False"},"level":"error","message":"OMDb API Response Error: Request failed with status code 401","service":"movieflix-backend","status":401,"timestamp":"2025-08-27T16:15:42.043Z"}
{"data":{"Error":"Request limit reached!","Response":"False"},"level":"error","message":"Error fetching movie details: Request failed with status code 401","service":"movieflix-backend","status":401,"timestamp":"2025-08-27T16:15:42.043Z"}
{"data":{"Error":"Request limit reached!","Response":"False"},"level":"error","message":"OMDb API Response Error: Request failed with status code 401","service":"movieflix-backend","status":401,"timestamp":"2025-08-27T16:15:42.232Z"}
{"data":{"Error":"Request limit reached!","Response":"False"},"level":"error","message":"Error fetching movie details: Request failed with status code 401","service":"movieflix-backend","status":401,"timestamp":"2025-08-27T16:15:42.233Z"}
{"data":{"Error":"Request limit reached!","Response":"False"},"level":"error","message":"OMDb API Response Error: Request failed with status code 401","service":"movieflix-backend","status":401,"timestamp":"2025-08-27T16:15:43.145Z"}
{"data":{"Error":"Request limit reached!","Response":"False"},"level":"error","message":"Error searching movies: Request failed with status code 401","service":"movieflix-backend","status":401,"timestamp":"2025-08-27T16:15:43.147Z"}
{"level":"error","message":"Movie search error: Failed to search movies from OMDb: Request failed with status code 401","service":"movieflix-backend","stack":"Error: Failed to search movies from OMDb: Request failed with status code 401\n    at MovieApiService.searchMovies (/Users/samyakmeshram008/Desktop/untitled folder/src/services/movieApiService.js:92:13)\n    at process.processTicksAndRejections (node:internal/process/task_queues:105:5)\n    at async searchMovies (/Users/samyakmeshram008/Desktop/untitled folder/src/controllers/movieController.js:101:25)","timestamp":"2025-08-27T16:15:43.147Z"}
{"data":{"Error":"Request limit reached!","Response":"False"},"level":"error","message":"OMDb API Response Error: Request failed with status code 401","service":"movieflix-backend","status":401,"timestamp":"2025-08-27T16:15:46.175Z"}
{"data":{"Error":"Request limit reached!","Response":"False"},"level":"error","message":"Error searching movies: Request failed with status code 401","service":"movieflix-backend","status":401,"timestamp":"2025-08-27T16:15:46.176Z"}
{"level":"error","message":"Movie search error: Failed to search movies from OMDb: Request failed with status code 401","service":"movieflix-backend","stack":"Error: Failed to search movies from OMDb: Request failed with status code 401\n    at MovieApiService.searchMovies (/Users/samyakmeshram008/Desktop/untitled folder/src/services/movieApiService.js:92:13)\n    at process.processTicksAndRejections (node:internal/process/task_queues:105:5)\n    at async searchMovies (/Users/samyakmeshram008/Desktop/untitled folder/src/controllers/movieController.js:101:25)","timestamp":"2025-08-27T16:15:46.176Z"}
{"data":{"Error":"Request limit reached!","Response":"False"},"level":"error","message":"OMDb API Response Error: Request failed with status code 401","service":"movieflix-backend","status":401,"timestamp":"2025-08-27T16:15:47.785Z"}
{"data":{"Error":"Request limit reached!","Response":"False"},"level":"error","message":"Error searching movies: Request failed with status code 401","service":"movieflix-backend","status":401,"timestamp":"2025-08-27T16:15:47.785Z"}
{"level":"error","message":"Movie search error: Failed to search movies from OMDb: Request failed with status code 401","service":"movieflix-backend","stack":"Error: Failed to search movies from OMDb: Request failed with status code 401\n    at MovieApiService.searchMovies (/Users/samyakmeshram008/Desktop/untitled folder/src/services/movieApiService.js:92:13)\n    at process.processTicksAndRejections (node:internal/process/task_queues:105:5)\n    at async searchMovies (/Users/samyakmeshram008/Desktop/untitled folder/src/controllers/movieController.js:101:25)","timestamp":"2025-08-27T16:15:47.786Z"}
{"data":{"Error":"Request limit reached!","Response":"False"},"level":"error","message":"OMDb API Response Error: Request failed with status code 401","service":"movieflix-backend","status":401,"timestamp":"2025-08-27T16:15:48.162Z"}
{"data":{"Error":"Request limit reached!","Response":"False"},"level":"error","message":"Error searching movies: Request failed with status code 401","service":"movieflix-backend","status":401,"timestamp":"2025-08-27T16:15:48.163Z"}
{"level":"error","message":"Movie search error: Failed to search movies from OMDb: Request failed with status code 401","service":"movieflix-backend","stack":"Error: Failed to search movies from OMDb: Request failed with status code 401\n    at MovieApiService.searchMovies (/Users/samyakmeshram008/Desktop/untitled folder/src/services/movieApiService.js:92:13)\n    at process.processTicksAndRejections (node:internal/process/task_queues:105:5)\n    at async searchMovies (/Users/samyakmeshram008/Desktop/untitled folder/src/controllers/movieController.js:101:25)","timestamp":"2025-08-27T16:15:48.165Z"}
{"data":{"Error":"Request limit reached!","Response":"False"},"level":"error","message":"OMDb API Response Error: Request failed with status code 401","service":"movieflix-backend","status":401,"timestamp":"2025-08-27T16:15:55.730Z"}
{"data":{"Error":"Request limit reached!","Response":"False"},"level":"error","message":"Error searching movies: Request failed with status code 401","service":"movieflix-backend","status":401,"timestamp":"2025-08-27T16:15:55.730Z"}
{"level":"error","message":"Movie search error: Failed to search movies from OMDb: Request failed with status code 401","service":"movieflix-backend","stack":"Error: Failed to search movies from OMDb: Request failed with status code 401\n    at MovieApiService.searchMovies (/Users/samyakmeshram008/Desktop/untitled folder/src/services/movieApiService.js:92:13)\n    at process.processTicksAndRejections (node:internal/process/task_queues:105:5)\n    at async searchMovies (/Users/samyakmeshram008/Desktop/untitled folder/src/controllers/movieController.js:101:25)","timestamp":"2025-08-27T16:15:55.730Z"}
{"data":{"Error":"Request limit reached!","Response":"False"},"level":"error","message":"OMDb API Response Error: Request failed with status code 401","service":"movieflix-backend","status":401,"timestamp":"2025-08-27T16:15:59.324Z"}
{"data":{"Error":"Request limit reached!","Response":"False"},"level":"error","message":"Error searching movies: Request failed with status code 401","service":"movieflix-backend","status":401,"timestamp":"2025-08-27T16:15:59.324Z"}
{"level":"error","message":"Movie search error: Failed to search movies from OMDb: Request failed with status code 401","service":"movieflix-backend","stack":"Error: Failed to search movies from OMDb: Request failed with status code 401\n    at MovieApiService.searchMovies (/Users/samyakmeshram008/Desktop/untitled folder/src/services/movieApiService.js:92:13)\n    at process.processTicksAndRejections (node:internal/process/task_queues:105:5)\n    at async searchMovies (/Users/samyakmeshram008/Desktop/untitled folder/src/controllers/movieController.js:101:25)","timestamp":"2025-08-27T16:15:59.324Z"}
{"data":{"Error":"Request limit reached!","Response":"False"},"level":"error","message":"OMDb API Response Error: Request failed with status code 401","service":"movieflix-backend","status":401,"timestamp":"2025-08-27T16:16:12.574Z"}
{"data":{"Error":"Request limit reached!","Response":"False"},"level":"error","message":"Error searching movies: Request failed with status code 401","service":"movieflix-backend","status":401,"timestamp":"2025-08-27T16:16:12.574Z"}
{"level":"error","message":"Movie search error: Failed to search movies from OMDb: Request failed with status code 401","service":"movieflix-backend","stack":"Error: Failed to search movies from OMDb: Request failed with status code 401\n    at MovieApiService.searchMovies (/Users/samyakmeshram008/Desktop/untitled folder/src/services/movieApiService.js:92:13)\n    at process.processTicksAndRejections (node:internal/process/task_queues:105:5)\n    at async searchMovies (/Users/samyakmeshram008/Desktop/untitled folder/src/controllers/movieController.js:101:25)","timestamp":"2025-08-27T16:16:12.574Z"}
{"data":{"Error":"Request limit reached!","Response":"False"},"level":"error","message":"OMDb API Response Error: Request failed with status code 401","service":"movieflix-backend","status":401,"timestamp":"2025-08-27T16:16:14.445Z"}
{"data":{"Error":"Request limit reached!","Response":"False"},"level":"error","message":"Error searching movies: Request failed with status code 401","service":"movieflix-backend","status":401,"timestamp":"2025-08-27T16:16:14.446Z"}
{"level":"error","message":"Movie search error: Failed to search movies from OMDb: Request failed with status code 401","service":"movieflix-backend","stack":"Error: Failed to search movies from OMDb: Request failed with status code 401\n    at MovieApiService.searchMovies (/Users/samyakmeshram008/Desktop/untitled folder/src/services/movieApiService.js:92:13)\n    at process.processTicksAndRejections (node:internal/process/task_queues:105:5)\n    at async searchMovies (/Users/samyakmeshram008/Desktop/untitled folder/src/controllers/movieController.js:101:25)","timestamp":"2025-08-27T16:16:14.446Z"}
{"data":{"Error":"Request limit reached!","Response":"False"},"level":"error","message":"OMDb API Response Error: Request failed with status code 401","service":"movieflix-backend","status":401,"timestamp":"2025-08-27T16:16:35.863Z"}
{"data":{"Error":"Request limit reached!","Response":"False"},"level":"error","message":"Error searching movies: Request failed with status code 401","service":"movieflix-backend","status":401,"timestamp":"2025-08-27T16:16:35.865Z"}
{"level":"error","message":"Movie search error: Failed to search movies from OMDb: Request failed with status code 401","service":"movieflix-backend","stack":"Error: Failed to search movies from OMDb: Request failed with status code 401\n    at MovieApiService.searchMovies (/Users/samyakmeshram008/Desktop/untitled folder/src/services/movieApiService.js:92:13)\n    at process.processTicksAndRejections (node:internal/process/task_queues:105:5)\n    at async searchMovies (/Users/samyakmeshram008/Desktop/untitled folder/src/controllers/movieController.js:101:25)","timestamp":"2025-08-27T16:16:35.865Z"}
{"data":{"Error":"Request limit reached!","Response":"False"},"level":"error","message":"OMDb API Response Error: Request failed with status code 401","service":"movieflix-backend","status":401,"timestamp":"2025-08-27T16:17:08.987Z"}
{"data":{"Error":"Request limit reached!","Response":"False"},"level":"error","message":"OMDb API Response Error: Request failed with status code 401","service":"movieflix-backend","status":401,"timestamp":"2025-08-27T16:17:09.253Z"}
{"data":{"Error":"Request limit reached!","Response":"False"},"level":"error","message":"OMDb API Response Error: Request failed with status code 401","service":"movieflix-backend","status":401,"timestamp":"2025-08-27T16:17:09.534Z"}
{"data":{"Error":"Request limit reached!","Response":"False"},"level":"error","message":"OMDb API Response Error: Request failed with status code 401","service":"movieflix-backend","status":401,"timestamp":"2025-08-27T16:17:10.563Z"}
{"data":{"Error":"Request limit reached!","Response":"False"},"level":"error","message":"OMDb API Response Error: Request failed with status code 401","service":"movieflix-backend","status":401,"timestamp":"2025-08-27T16:17:10.815Z"}
{"data":{"Error":"Request limit reached!","Response":"False"},"level":"error","message":"OMDb API Response Error: Request failed with status code 401","service":"movieflix-backend","status":401,"timestamp":"2025-08-27T16:17:11.988Z"}
{"data":{"Error":"Request limit reached!","Response":"False"},"level":"error","message":"OMDb API Response Error: Request failed with status code 401","service":"movieflix-backend","status":401,"timestamp":"2025-08-27T16:17:12.257Z"}
{"data":{"Error":"Request limit reached!","Response":"False"},"level":"error","message":"OMDb API Response Error: Request failed with status code 401","service":"movieflix-backend","status":401,"timestamp":"2025-08-27T16:17:12.574Z"}
{"data":{"Error":"Request limit reached!","Response":"False"},"level":"error","message":"OMDb API Response Error: Request failed with status code 401","service":"movieflix-backend","status":401,"timestamp":"2025-08-27T16:17:12.855Z"}
{"data":{"Error":"Request limit reached!","Response":"False"},"level":"error","message":"OMDb API Response Error: Request failed with status code 401","service":"movieflix-backend","status":401,"timestamp":"2025-08-27T16:17:13.981Z"}
{"data":{"Error":"Request limit reached!","Response":"False"},"level":"error","message":"OMDb API Response Error: Request failed with status code 401","service":"movieflix-backend","status":401,"timestamp":"2025-08-27T16:17:15.125Z"}
{"data":{"Error":"Request limit reached!","Response":"False"},"level":"error","message":"OMDb API Response Error: Request failed with status code 401","service":"movieflix-backend","status":401,"timestamp":"2025-08-27T16:17:15.430Z"}
{"data":{"Error":"Request limit reached!","Response":"False"},"level":"error","message":"OMDb API Response Error: Request failed with status code 401","service":"movieflix-backend","status":401,"timestamp":"2025-08-27T16:17:15.690Z"}
{"data":{"Error":"Request limit reached!","Response":"False"},"level":"error","message":"OMDb API Response Error: Request failed with status code 401","service":"movieflix-backend","status":401,"timestamp":"2025-08-27T16:17:16.695Z"}
{"data":{"Error":"Request limit reached!","Response":"False"},"level":"error","message":"OMDb API Response Error: Request failed with status code 401","service":"movieflix-backend","status":401,"timestamp":"2025-08-27T16:17:16.956Z"}
{"data":{"Error":"Request limit reached!","Response":"False"},"level":"error","message":"OMDb API Response Error: Request failed with status code 401","service":"movieflix-backend","status":401,"timestamp":"2025-08-27T16:17:17.934Z"}
{"data":{"Error":"Request limit reached!","Response":"False"},"level":"error","message":"OMDb API Response Error: Request failed with status code 401","service":"movieflix-backend","status":401,"timestamp":"2025-08-27T16:17:18.962Z"}
{"data":{"Error":"Request limit reached!","Response":"False"},"level":"error","message":"OMDb API Response Error: Request failed with status code 401","service":"movieflix-backend","status":401,"timestamp":"2025-08-27T16:17:19.987Z"}
{"data":{"Error":"Request limit reached!","Response":"False"},"level":"error","message":"OMDb API Response Error: Request failed with status code 401","service":"movieflix-backend","status":401,"timestamp":"2025-08-27T16:17:20.438Z"}
{"data":{"Error":"Request limit reached!","Response":"False"},"level":"error","message":"OMDb API Response Error: Request failed with status code 401","service":"movieflix-backend","status":401,"timestamp":"2025-08-27T16:17:21.469Z"}
{"data":{"Error":"Request limit reached!","Response":"False"},"level":"error","message":"OMDb API Response Error: Request failed with status code 401","service":"movieflix-backend","status":401,"timestamp":"2025-08-27T16:17:22.586Z"}
{"data":{"Error":"Request limit reached!","Response":"False"},"level":"error","message":"OMDb API Response Error: Request failed with status code 401","service":"movieflix-backend","status":401,"timestamp":"2025-08-27T16:17:23.588Z"}
{"data":{"Error":"Request limit reached!","Response":"False"},"level":"error","message":"OMDb API Response Error: Request failed with status code 401","service":"movieflix-backend","status":401,"timestamp":"2025-08-27T16:17:24.591Z"}
{"data":{"Error":"Request limit reached!","Response":"False"},"level":"error","message":"OMDb API Response Error: Request failed with status code 401","service":"movieflix-backend","status":401,"timestamp":"2025-08-27T16:17:24.885Z"}
{"data":{"Error":"Request limit reached!","Response":"False"},"level":"error","message":"OMDb API Response Error: Request failed with status code 401","service":"movieflix-backend","status":401,"timestamp":"2025-08-27T16:17:25.160Z"}
{"data":{"Error":"Request limit reached!","Response":"False"},"level":"error","message":"OMDb API Response Error: Request failed with status code 401","service":"movieflix-backend","status":401,"timestamp":"2025-08-27T16:17:25.428Z"}
{"data":{"Error":"Request limit reached!","Response":"False"},"level":"error","message":"OMDb API Response Error: Request failed with status code 401","service":"movieflix-backend","status":401,"timestamp":"2025-08-27T16:17:26.448Z"}
{"data":{"Error":"Request limit reached!","Response":"False"},"level":"error","message":"OMDb API Response Error: Request failed with status code 401","service":"movieflix-backend","status":401,"timestamp":"2025-08-27T16:17:27.569Z"}
{"data":{"Error":"Request limit reached!","Response":"False"},"level":"error","message":"OMDb API Response Error: Request failed with status code 401","service":"movieflix-backend","status":401,"timestamp":"2025-08-27T16:17:27.850Z"}
{"data":{"Error":"Request limit reached!","Response":"False"},"level":"error","message":"OMDb API Response Error: Request failed with status code 401","service":"movieflix-backend","status":401,"timestamp":"2025-08-27T16:17:28.876Z"}
{"data":{"Error":"Request limit reached!","Response":"False"},"level":"error","message":"OMDb API Response Error: Request failed with status code 401","service":"movieflix-backend","status":401,"timestamp":"2025-08-27T16:17:29.176Z"}
{"data":{"Error":"Request limit reached!","Response":"False"},"level":"error","message":"OMDb API Response Error: Request failed with status code 401","service":"movieflix-backend","status":401,"timestamp":"2025-08-27T16:17:30.401Z"}
{"data":{"Error":"Request limit reached!","Response":"False"},"level":"error","message":"OMDb API Response Error: Request failed with status code 401","service":"movieflix-backend","status":401,"timestamp":"2025-08-27T16:17:31.428Z"}
{"data":{"Error":"Request limit reached!","Response":"False"},"level":"error","message":"OMDb API Response Error: Request failed with status code 401","service":"movieflix-backend","status":401,"timestamp":"2025-08-27T16:17:31.710Z"}
{"data":{"Error":"Request limit reached!","Response":"False"},"level":"error","message":"OMDb API Response Error: Request failed with status code 401","service":"movieflix-backend","status":401,"timestamp":"2025-08-27T16:17:31.970Z"}
{"data":{"Error":"Request limit reached!","Response":"False"},"level":"error","message":"OMDb API Response Error: Request failed with status code 401","service":"movieflix-backend","status":401,"timestamp":"2025-08-27T16:17:32.238Z"}
{"data":{"Error":"Request limit reached!","Response":"False"},"level":"error","message":"OMDb API Response Error: Request failed with status code 401","service":"movieflix-backend","status":401,"timestamp":"2025-08-27T16:17:34.820Z"}
{"data":{"Error":"Request limit reached!","Response":"False"},"level":"error","message":"Error searching movies: Request failed with status code 401","service":"movieflix-backend","status":401,"timestamp":"2025-08-27T16:17:34.820Z"}
{"level":"error","message":"Movie search error: Failed to search movies from OMDb: Request failed with status code 401","service":"movieflix-backend","stack":"Error: Failed to search movies from OMDb: Request failed with status code 401\n    at MovieApiService.searchMovies (/Users/samyakmeshram008/Desktop/untitled folder/src/services/movieApiService.js:92:13)\n    at process.processTicksAndRejections (node:internal/process/task_queues:105:5)\n    at async searchMovies (/Users/samyakmeshram008/Desktop/untitled folder/src/controllers/movieController.js:101:25)","timestamp":"2025-08-27T16:17:34.820Z"}
{"level":"error","message":"Unhandled Promise Rejection: Connection.prototype.close() no longer accepts a callback","service":"movieflix-backend","stack":"MongooseError: Connection.prototype.close() no longer accepts a callback\n    at NativeConnection.close (/Users/samyakmeshram008/Desktop/untitled folder/node_modules/mongoose/lib/connection.js:1205:11)\n    at Server.<anonymous> (/Users/samyakmeshram008/Desktop/untitled folder/src/index.js:227:36)\n    at Object.onceWrapper (node:events:632:28)\n    at Server.emit (node:events:518:28)\n    at emitCloseNT (node:net:2418:8)\n    at process.processTicksAndRejections (node:internal/process/task_queues:89:21)","timestamp":"2025-08-27T16:17:45.803Z"}
{"level":"error","message":"Error during server shutdown:","service":"movieflix-backend","timestamp":"2025-08-27T16:17:45.882Z"}
{"data":{"Error":"Request limit reached!","Response":"False"},"level":"error","message":"OMDb API Response Error: Request failed with status code 401","service":"movieflix-backend","status":401,"timestamp":"2025-08-27T16:18:01.441Z"}
{"data":{"Error":"Request limit reached!","Response":"False"},"level":"error","message":"Error searching movies: Request failed with status code 401","service":"movieflix-backend","status":401,"timestamp":"2025-08-27T16:18:01.442Z"}
{"level":"error","message":"Movie search error: Failed to search movies from OMDb: Request failed with status code 401","service":"movieflix-backend","stack":"Error: Failed to search movies from OMDb: Request failed with status code 401\n    at MovieApiService.searchMovies (/Users/samyakmeshram008/Desktop/untitled folder/src/services/movieApiService.js:92:13)\n    at process.processTicksAndRejections (node:internal/process/task_queues:105:5)\n    at async searchMovies (/Users/samyakmeshram008/Desktop/untitled folder/src/controllers/movieController.js:101:25)","timestamp":"2025-08-27T16:18:01.443Z"}
{"data":{"Error":"Request limit reached!","Response":"False"},"level":"error","message":"OMDb API Response Error: Request failed with status code 401","service":"movieflix-backend","status":401,"timestamp":"2025-08-27T16:18:20.853Z"}
{"data":{"Error":"Request limit reached!","Response":"False"},"level":"error","message":"Error searching movies: Request failed with status code 401","service":"movieflix-backend","status":401,"timestamp":"2025-08-27T16:18:20.855Z"}
{"level":"error","message":"Movie search error: Failed to search movies from OMDb: Request failed with status code 401","service":"movieflix-backend","stack":"Error: Failed to search movies from OMDb: Request failed with status code 401\n    at MovieApiService.searchMovies (/Users/samyakmeshram008/Desktop/untitled folder/src/services/movieApiService.js:92:13)\n    at process.processTicksAndRejections (node:internal/process/task_queues:105:5)\n    at async searchMovies (/Users/samyakmeshram008/Desktop/untitled folder/src/controllers/movieController.js:101:25)","timestamp":"2025-08-27T16:18:20.856Z"}
{"level":"error","message":"Unhandled Promise Rejection: Connection.prototype.close() no longer accepts a callback","service":"movieflix-backend","stack":"MongooseError: Connection.prototype.close() no longer accepts a callback\n    at NativeConnection.close (/Users/samyakmeshram008/Desktop/untitled folder/node_modules/mongoose/lib/connection.js:1205:11)\n    at Server.<anonymous> (/Users/samyakmeshram008/Desktop/untitled folder/src/index.js:227:36)\n    at Object.onceWrapper (node:events:632:28)\n    at Server.emit (node:events:518:28)\n    at emitCloseNT (node:net:2418:8)\n    at process.processTicksAndRejections (node:internal/process/task_queues:89:21)","timestamp":"2025-08-27T16:20:25.772Z"}
{"level":"error","message":"Error during server shutdown:","service":"movieflix-backend","timestamp":"2025-08-27T16:20:25.795Z"}
{"data":{"Error":"Invalid API key!","Response":"False"},"level":"error","message":"OMDb API Response Error: Request failed with status code 401","service":"movieflix-backend","status":401,"timestamp":"2025-08-27T16:20:35.223Z"}
{"data":{"Error":"Invalid API key!","Response":"False"},"level":"error","message":"Error searching movies: Request failed with status code 401","service":"movieflix-backend","status":401,"timestamp":"2025-08-27T16:20:35.225Z"}
{"level":"error","message":"Movie search error: Failed to search movies from OMDb: Request failed with status code 401","service":"movieflix-backend","stack":"Error: Failed to search movies from OMDb: Request failed with status code 401\n    at MovieApiService.searchMovies (/Users/samyakmeshram008/Desktop/untitled folder/src/services/movieApiService.js:92:13)\n    at process.processTicksAndRejections (node:internal/process/task_queues:105:5)\n    at async searchMovies (/Users/samyakmeshram008/Desktop/untitled folder/src/controllers/movieController.js:101:25)","timestamp":"2025-08-27T16:20:35.225Z"}
{"level":"error","message":"Cache get error:","service":"movieflix-backend","timestamp":"2025-08-27T17:15:43.138Z"}
{"level":"error","message":"Cache get error:","service":"movieflix-backend","timestamp":"2025-08-27T17:16:04.003Z"}
{"level":"error","message":"Cache get error:","service":"movieflix-backend","timestamp":"2025-08-27T17:16:12.852Z"}
{"cause":{"beforeHandshake":false,"errorLabelSet":{}},"errorLabelSet":{},"level":"error","message":"Movie search error: 400C770D02000000:error:0A000438:SSL routines:ssl3_read_bytes:tlsv1 alert internal error:../deps/openssl/openssl/ssl/record/rec_layer_s3.c:1605:SSL alert number 80\n","reason":{"commonWireVersion":0,"compatible":true,"heartbeatFrequencyMS":10000,"localThresholdMS":15,"logicalSessionTimeoutMinutes":null,"maxElectionId":{"$oid":"7fffffff000000000000039d"},"maxSetVersion":307,"servers":{"ac-hbgn0w3-shard-00-00.eipi6wj.mongodb.net:27017":{"$clusterTime":null,"address":"ac-hbgn0w3-shard-00-00.eipi6wj.mongodb.net:27017","arbiters":[],"electionId":null,"error":{"beforeHandshake":false,"errorLabelSet":{}},"hosts":[],"iscryptd":false,"lastUpdateTime":559651812,"lastWriteDate":0,"logicalSessionTimeoutMinutes":null,"maxBsonObjectSize":null,"maxMessageSizeBytes":null,"maxWireVersion":0,"maxWriteBatchSize":null,"me":null,"minRoundTripTime":0,"minWireVersion":0,"passives":[],"primary":null,"roundTripTime":-1,"setName":null,"setVersion":null,"tags":{},"topologyVersion":null,"type":"Unknown"},"ac-hbgn0w3-shard-00-01.eipi6wj.mongodb.net:27017":{"$clusterTime":null,"address":"ac-hbgn0w3-shard-00-01.eipi6wj.mongodb.net:27017","arbiters":[],"electionId":null,"error":{"beforeHandshake":false,"errorLabelSet":{}},"hosts":[],"iscryptd":false,"lastUpdateTime":559651777,"lastWriteDate":0,"logicalSessionTimeoutMinutes":null,"maxBsonObjectSize":null,"maxMessageSizeBytes":null,"maxWireVersion":0,"maxWriteBatchSize":null,"me":null,"minRoundTripTime":0,"minWireVersion":0,"passives":[],"primary":null,"roundTripTime":-1,"setName":null,"setVersion":null,"tags":{},"topologyVersion":null,"type":"Unknown"},"ac-hbgn0w3-shard-00-02.eipi6wj.mongodb.net:27017":{"$clusterTime":null,"address":"ac-hbgn0w3-shard-00-02.eipi6wj.mongodb.net:27017","arbiters":[],"electionId":null,"error":{"beforeHandshake":false,"errorLabelSet":{}},"hosts":[],"iscryptd":false,"lastUpdateTime":559651654,"lastWriteDate":0,"logicalSessionTimeoutMinutes":null,"maxBsonObjectSize":null,"maxMessageSizeBytes":null,"maxWireVersion":0,"maxWriteBatchSize":null,"me":null,"minRoundTripTime":0,"minWireVersion":0,"passives":[],"primary":null,"roundTripTime":-1,"setName":null,"setVersion":null,"tags":{},"topologyVersion":null,"type":"Unknown"}},"setName":"atlas-pqn1f8-shard-0","stale":false,"type":"ReplicaSetNoPrimary"},"service":"movieflix-backend","stack":"MongoServerSelectionError: 400C770D02000000:error:0A000438:SSL routines:ssl3_read_bytes:tlsv1 alert internal error:../deps/openssl/openssl/ssl/record/rec_layer_s3.c:1605:SSL alert number 80\n\n    at Topology.selectServer (/Users/samyakmeshram008/Desktop/untitled folder/node_modules/mongodb/lib/sdam/topology.js:326:38)\n    at runNextTicks (node:internal/process/task_queues:65:5)\n    at listOnTimeout (node:internal/timers:549:9)\n    at process.processTimers (node:internal/timers:523:7)\n    at async tryOperation (/Users/samyakmeshram008/Desktop/untitled folder/node_modules/mongodb/lib/operations/execute_operation.js:145:18)\n    at async executeOperation (/Users/samyakmeshram008/Desktop/untitled folder/node_modules/mongodb/lib/operations/execute_operation.js:75:16)\n    at async AggregationCursor._initialize (/Users/samyakmeshram008/Desktop/untitled folder/node_modules/mongodb/lib/cursor/aggregation_cursor.js:56:26)\n    at async AggregationCursor.cursorInit (/Users/samyakmeshram008/Desktop/untitled folder/node_modules/mongodb/lib/cursor/abstract_cursor.js:632:27)\n    at async AggregationCursor.fetchBatch (/Users/samyakmeshram008/Desktop/untitled folder/node_modules/mongodb/lib/cursor/abstract_cursor.js:666:13)\n    at async AggregationCursor.next (/Users/samyakmeshram008/Desktop/untitled folder/node_modules/mongodb/lib/cursor/abstract_cursor.js:342:17)","timestamp":"2025-08-27T17:16:13.147Z"}
{"cause":{"beforeHandshake":false,"errorLabelSet":{}},"errorLabelSet":{},"level":"error","message":"Movie search error: 400C770D02000000:error:0A000438:SSL routines:ssl3_read_bytes:tlsv1 alert internal error:../deps/openssl/openssl/ssl/record/rec_layer_s3.c:1605:SSL alert number 80\n","reason":{"commonWireVersion":0,"compatible":true,"heartbeatFrequencyMS":10000,"localThresholdMS":15,"logicalSessionTimeoutMinutes":null,"maxElectionId":{"$oid":"7fffffff000000000000039d"},"maxSetVersion":307,"servers":{"ac-hbgn0w3-shard-00-00.eipi6wj.mongodb.net:27017":{"$clusterTime":null,"address":"ac-hbgn0w3-shard-00-00.eipi6wj.mongodb.net:27017","arbiters":[],"electionId":null,"error":{"beforeHandshake":false,"errorLabelSet":{}},"hosts":[],"iscryptd":false,"lastUpdateTime":559672809,"lastWriteDate":0,"logicalSessionTimeoutMinutes":null,"maxBsonObjectSize":null,"maxMessageSizeBytes":null,"maxWireVersion":0,"maxWriteBatchSize":null,"me":null,"minRoundTripTime":0,"minWireVersion":0,"passives":[],"primary":null,"roundTripTime":-1,"setName":null,"setVersion":null,"tags":{},"topologyVersion":null,"type":"Unknown"},"ac-hbgn0w3-shard-00-01.eipi6wj.mongodb.net:27017":{"$clusterTime":null,"address":"ac-hbgn0w3-shard-00-01.eipi6wj.mongodb.net:27017","arbiters":[],"electionId":null,"error":{"beforeHandshake":false,"errorLabelSet":{}},"hosts":[],"iscryptd":false,"lastUpdateTime":559672797,"lastWriteDate":0,"logicalSessionTimeoutMinutes":null,"maxBsonObjectSize":null,"maxMessageSizeBytes":null,"maxWireVersion":0,"maxWriteBatchSize":null,"me":null,"minRoundTripTime":0,"minWireVersion":0,"passives":[],"primary":null,"roundTripTime":-1,"setName":null,"setVersion":null,"tags":{},"topologyVersion":null,"type":"Unknown"},"ac-hbgn0w3-shard-00-02.eipi6wj.mongodb.net:27017":{"$clusterTime":null,"address":"ac-hbgn0w3-shard-00-02.eipi6wj.mongodb.net:27017","arbiters":[],"electionId":null,"error":{"beforeHandshake":false,"errorLabelSet":{}},"hosts":[],"iscryptd":false,"lastUpdateTime":559672766,"lastWriteDate":0,"logicalSessionTimeoutMinutes":null,"maxBsonObjectSize":null,"maxMessageSizeBytes":null,"maxWireVersion":0,"maxWriteBatchSize":null,"me":null,"minRoundTripTime":0,"minWireVersion":0,"passives":[],"primary":null,"roundTripTime":-1,"setName":null,"setVersion":null,"tags":{},"topologyVersion":null,"type":"Unknown"}},"setName":"atlas-pqn1f8-shard-0","stale":false,"type":"ReplicaSetNoPrimary"},"service":"movieflix-backend","stack":"MongoServerSelectionError: 400C770D02000000:error:0A000438:SSL routines:ssl3_read_bytes:tlsv1 alert internal error:../deps/openssl/openssl/ssl/record/rec_layer_s3.c:1605:SSL alert number 80\n\n    at Topology.selectServer (/Users/samyakmeshram008/Desktop/untitled folder/node_modules/mongodb/lib/sdam/topology.js:326:38)\n    at runNextTicks (node:internal/process/task_queues:65:5)\n    at listOnTimeout (node:internal/timers:549:9)\n    at process.processTimers (node:internal/timers:523:7)\n    at async tryOperation (/Users/samyakmeshram008/Desktop/untitled folder/node_modules/mongodb/lib/operations/execute_operation.js:145:18)\n    at async executeOperation (/Users/samyakmeshram008/Desktop/untitled folder/node_modules/mongodb/lib/operations/execute_operation.js:75:16)\n    at async AggregationCursor._initialize (/Users/samyakmeshram008/Desktop/untitled folder/node_modules/mongodb/lib/cursor/aggregation_cursor.js:56:26)\n    at async AggregationCursor.cursorInit (/Users/samyakmeshram008/Desktop/untitled folder/node_modules/mongodb/lib/cursor/abstract_cursor.js:632:27)\n    at async AggregationCursor.fetchBatch (/Users/samyakmeshram008/Desktop/untitled folder/node_modules/mongodb/lib/cursor/abstract_cursor.js:666:13)\n    at async AggregationCursor.next (/Users/samyakmeshram008/Desktop/untitled folder/node_modules/mongodb/lib/cursor/abstract_cursor.js:342:17)","timestamp":"2025-08-27T17:16:34.013Z"}
{"level":"error","message":"Error getting overall stats:","service":"movieflix-backend","timestamp":"2025-08-27T17:16:42.863Z"}
{"level":"error","message":"Dashboard stats error:","service":"movieflix-backend","timestamp":"2025-08-27T17:16:42.868Z"}
{"level":"error","message":"Error getting genre distribution:","service":"movieflix-backend","timestamp":"2025-08-27T17:16:42.871Z"}
{"level":"error","message":"Error getting rating distribution:","service":"movieflix-backend","timestamp":"2025-08-27T17:16:42.871Z"}
{"level":"error","message":"Error getting yearly stats:","service":"movieflix-backend","timestamp":"2025-08-27T17:16:42.872Z"}
{"level":"error","message":"Error getting search trends:","service":"movieflix-backend","timestamp":"2025-08-27T17:16:42.872Z"}
{"level":"error","message":"Error getting top movies:","service":"movieflix-backend","timestamp":"2025-08-27T17:16:42.872Z"}
{"level":"error","message":"Unhandled Promise Rejection: Connection.prototype.close() no longer accepts a callback","service":"movieflix-backend","stack":"MongooseError: Connection.prototype.close() no longer accepts a callback\n    at NativeConnection.close (/Users/samyakmeshram008/Desktop/untitled folder/node_modules/mongoose/lib/connection.js:1205:11)\n    at Server.<anonymous> (/Users/samyakmeshram008/Desktop/untitled folder/src/index.js:227:36)\n    at Object.onceWrapper (node:events:632:28)\n    at Server.emit (node:events:518:28)\n    at emitCloseNT (node:net:2418:8)\n    at process.processTicksAndRejections (node:internal/process/task_queues:89:21)","timestamp":"2025-08-27T17:17:28.485Z"}
{"level":"error","message":"Error during server shutdown:","service":"movieflix-backend","timestamp":"2025-08-27T17:17:28.523Z"}
